INFO: [HLS 200-10] Running 'D:/Xilinx/Vivado_HLS/2016.4/bin/unwrapped/win64.o/vivado_hls.exe'
INFO: [HLS 200-10] For user 'dell' on host 'dell-pc' (Windows NT_amd64 version 6.1) on Mon Aug 07 08:59:13 +0800 2017
INFO: [HLS 200-10] In directory 'E:/code/hls/xilinx_design/examples/design/FFT/fft_ifft'
INFO: [HLS 200-10] Opening project 'E:/code/hls/xilinx_design/examples/design/FFT/fft_ifft/sdy_fft'.
INFO: [HLS 200-10] Opening solution 'E:/code/hls/xilinx_design/examples/design/FFT/fft_ifft/sdy_fft/solution1'.
INFO: [SYN 201-201] Setting up clock 'default' with a period of 10ns.
INFO: [HLS 200-10] Setting target device to 'xq7z045rf900-2il'
INFO: [SIM 211-2] *************** CSIM start ***************
WARNING: [SIM 211-51] HLS only supports CLANG compiler in Linux.
INFO: [SIM 211-4] CSIM will launch GCC as the compiler.
   Compiling ../../../../fft_tb.cpp in debug mode
   Compiling ../../../../fft_top.cpp in debug mode
   Generating csim.exe
ERROR: Can't open stimulus_00.dat
@E Simulation failed: Function 'main' returns nonzero value '999'.
ERROR: [SIM 211-100] 'csim_design' failed: nonzero return value.
INFO: [SIM 211-3] *************** CSIM finish ***************
4
    while executing
"source E:/code/hls/xilinx_design/examples/design/FFT/fft_ifft/sdy_fft/solution1/csim.tcl"
    invoked from within
"hls::main E:/code/hls/xilinx_design/examples/design/FFT/fft_ifft/sdy_fft/solution1/csim.tcl"
    ("uplevel" body line 1)
    invoked from within
"uplevel 1 hls::main {*}$args"
    (procedure "hls_proc" line 5)
    invoked from within
"hls_proc $argv"
