==============================================================
File generated by Vivado(TM) HLS - High-Level Synthesis from C, C++ and SystemC
Version: 2016.4
Copyright (C) 1986-2016 Xilinx, Inc. All Rights Reserved.

==============================================================

@I [SYN-201] Setting up clock 'default' with a period of 10ns.
@I [HLS-10] Setting target device to 'xc7z045ffg900-2'
@I [HLS-10] Analyzing design file 'fir_2ch_int.cpp' ... 
@W [HLS-40] In file included from fir_2ch_int.cpp:92:
In file included from ./fir_2ch_int.h:94:
D:/Xilinx/Vivado_HLS/2016.4/include\hls_fir.h:174:25: warning: in-class initializer for static data member of type 'const double' is a GNU extension [-Wgnu]
    static const double sample_frequency = 0.001;
                        ^                  ~~~~~
1 warning generated.

@I [HLS-10] Validating synthesis directives ...
@I [HLS-111] Finished Checking Pragmas Time (s): cpu = 00:00:02 ; elapsed = 00:00:11 . Memory (MB): peak = 93.984 ; gain = 44.047
@I [HLS-111] Finished Linking Time (s): cpu = 00:00:02 ; elapsed = 00:00:11 . Memory (MB): peak = 94.047 ; gain = 44.109
@I [HLS-10] Starting code transformations ...
@I [HLS-111] Finished Standard Transforms Time (s): cpu = 00:00:02 ; elapsed = 00:00:12 . Memory (MB): peak = 100.305 ; gain = 50.367
@I [HLS-10] Checking synthesizability ...
@I [XFORM-602] Inlining function 'dummy_be' into 'fir_top' (fir_2ch_int.cpp:165) automatically.
@I [HLS-111] Finished Checking Synthesizability Time (s): cpu = 00:00:02 ; elapsed = 00:00:12 . Memory (MB): peak = 104.465 ; gain = 54.527
@W [XFORM-1103] Ignored data pack directive on non-struct variable 'fir_in.V' (fir_2ch_int.cpp:158).
@W [XFORM-1103] Ignored data pack directive on non-struct variable 'fir_out.V' (fir_2ch_int.cpp:159).
@I [XFORM-602] Inlining function 'dummy_be' into 'fir_top' (fir_2ch_int.cpp:165) automatically.
@I [HLS-111] Finished Pre-synthesis Time (s): cpu = 00:00:02 ; elapsed = 00:00:12 . Memory (MB): peak = 130.555 ; gain = 80.617
@W [XFORM-631] Renaming function 'hls::FIR<my_params>::run' (D:/Xilinx/Vivado_HLS/2016.4/common/technology/autopilot\hls_fir.h:580) into run.
@E [XFORM-801] Interface mode 'ap_auto' on the actual argument 'fir_in.V' (fir_2ch_int.cpp:158) is incompatible with the mode 'ap_fifo' on the formal argument 'in.V' (D:/Xilinx/Vivado_HLS/2016.4/common/technology/autopilot\hls_fir.h:580) for function 'run' (D:/Xilinx/Vivado_HLS/2016.4/common/technology/autopilot\hls_fir.h:580). Please consider to duplicate the function to avoid mode conflicts.
@E [XFORM-801] Interface mode 'ap_auto' on the actual argument 'fir_out.V' (fir_2ch_int.cpp:159) is incompatible with the mode 'ap_fifo' on the formal argument 'out.V' (D:/Xilinx/Vivado_HLS/2016.4/common/technology/autopilot\hls_fir.h:581) for function 'run' (D:/Xilinx/Vivado_HLS/2016.4/common/technology/autopilot\hls_fir.h:580). Please consider to duplicate the function to avoid mode conflicts.
@E [HLS-70] Failed building synthesis data model.
command 'ap_source' returned error code
    while executing
"source E:/code/hls/xilinx_design/examples/design/FIR/fir_2ch_int/fir_2ch/solution1/csynth.tcl"
    invoked from within
"hls::main E:/code/hls/xilinx_design/examples/design/FIR/fir_2ch_int/fir_2ch/solution1/csynth.tcl"
    ("uplevel" body line 1)
    invoked from within
"uplevel 1 hls::main {*}$args"
    (procedure "hls_proc" line 5)
    invoked from within
"hls_proc $argv"
