INFO: [HLS 200-10] Running 'D:/Xilinx/Vivado_HLS/2016.4/bin/unwrapped/win64.o/vivado_hls.exe'
INFO: [HLS 200-10] For user 'dell' on host 'dell-pc' (Windows NT_amd64 version 6.1) on Mon Aug 07 10:26:43 +0800 2017
INFO: [HLS 200-10] In directory 'E:/code/hls/xilinx_design/examples/design/FIR/fir_2ch_int'
INFO: [HLS 200-10] Opening project 'E:/code/hls/xilinx_design/examples/design/FIR/fir_2ch_int/fir_2ch'.
INFO: [HLS 200-10] Adding design file 'fir_2ch_int.cpp' to the project
INFO: [HLS 200-10] Adding test bench file 'fir_2ch_int_din_i.txt' to the project
INFO: [HLS 200-10] Adding test bench file 'fir_2ch_int_din_q.txt' to the project
INFO: [HLS 200-10] Adding test bench file 'fir_2ch_int_dout_i_cmodel.txt' to the project
INFO: [HLS 200-10] Adding test bench file 'fir_2ch_int_dout_q_cmodel.txt' to the project
INFO: [HLS 200-10] Adding test bench file 'fir_2ch_int_tb.cpp' to the project
INFO: [HLS 200-10] Opening solution 'E:/code/hls/xilinx_design/examples/design/FIR/fir_2ch_int/fir_2ch/solution1'.
INFO: [SYN 201-201] Setting up clock 'default' with a period of 10ns.
INFO: [HLS 200-10] Setting target device to 'xc7z045ffg900-2'
INFO: [HLS 200-10] Analyzing design file 'fir_2ch_int.cpp' ... 
WARNING: [HLS 200-40] In file included from fir_2ch_int.cpp:92:
In file included from ./fir_2ch_int.h:94:
D:/Xilinx/Vivado_HLS/2016.4/include\hls_fir.h:174:25: warning: in-class initializer for static data member of type 'const double' is a GNU extension [-Wgnu]
    static const double sample_frequency = 0.001;
                        ^                  ~~~~~
1 warning generated.
WARNING: [HLS 200-40] 
INFO: [HLS 200-10] Validating synthesis directives ...
INFO: [HLS 200-111] Finished Checking Pragmas Time (s): cpu = 00:00:02 ; elapsed = 00:00:11 . Memory (MB): peak = 93.984 ; gain = 44.047
INFO: [HLS 200-111] Finished Linking Time (s): cpu = 00:00:02 ; elapsed = 00:00:11 . Memory (MB): peak = 94.047 ; gain = 44.109
INFO: [HLS 200-10] Starting code transformations ...
INFO: [HLS 200-111] Finished Standard Transforms Time (s): cpu = 00:00:02 ; elapsed = 00:00:12 . Memory (MB): peak = 100.305 ; gain = 50.367
INFO: [HLS 200-10] Checking synthesizability ...
INFO: [XFORM 203-602] Inlining function 'dummy_be' into 'fir_top' (fir_2ch_int.cpp:165) automatically.
INFO: [HLS 200-111] Finished Checking Synthesizability Time (s): cpu = 00:00:02 ; elapsed = 00:00:12 . Memory (MB): peak = 104.465 ; gain = 54.527
WARNING: [XFORM 203-1103] Ignored data pack directive on non-struct variable 'fir_in.V' (fir_2ch_int.cpp:158).
WARNING: [XFORM 203-1103] Ignored data pack directive on non-struct variable 'fir_out.V' (fir_2ch_int.cpp:159).
INFO: [XFORM 203-602] Inlining function 'dummy_be' into 'fir_top' (fir_2ch_int.cpp:165) automatically.
INFO: [HLS 200-111] Finished Pre-synthesis Time (s): cpu = 00:00:02 ; elapsed = 00:00:12 . Memory (MB): peak = 130.555 ; gain = 80.617
WARNING: [XFORM 203-631] Renaming function 'hls::FIR<my_params>::run' (D:/Xilinx/Vivado_HLS/2016.4/common/technology/autopilot\hls_fir.h:580) into run.
ERROR: [XFORM 203-801] Interface mode 'ap_auto' on the actual argument 'fir_in.V' (fir_2ch_int.cpp:158) is incompatible with the mode 'ap_fifo' on the formal argument 'in.V' (D:/Xilinx/Vivado_HLS/2016.4/common/technology/autopilot\hls_fir.h:580) for function 'run' (D:/Xilinx/Vivado_HLS/2016.4/common/technology/autopilot\hls_fir.h:580). Please consider to duplicate the function to avoid mode conflicts.
ERROR: [XFORM 203-801] Interface mode 'ap_auto' on the actual argument 'fir_out.V' (fir_2ch_int.cpp:159) is incompatible with the mode 'ap_fifo' on the formal argument 'out.V' (D:/Xilinx/Vivado_HLS/2016.4/common/technology/autopilot\hls_fir.h:581) for function 'run' (D:/Xilinx/Vivado_HLS/2016.4/common/technology/autopilot\hls_fir.h:580). Please consider to duplicate the function to avoid mode conflicts.
ERROR: [HLS 200-70] Failed building synthesis data model.
command 'ap_source' returned error code
    while executing
"source E:/code/hls/xilinx_design/examples/design/FIR/fir_2ch_int/fir_2ch/solution1/csynth.tcl"
    invoked from within
"hls::main E:/code/hls/xilinx_design/examples/design/FIR/fir_2ch_int/fir_2ch/solution1/csynth.tcl"
    ("uplevel" body line 1)
    invoked from within
"uplevel 1 hls::main {*}$args"
    (procedure "hls_proc" line 5)
    invoked from within
"hls_proc $argv"
