==============================================================
File generated by Vivado(TM) HLS - High-Level Synthesis from C, C++ and SystemC
Version: 2016.4
Copyright (C) 1986-2016 Xilinx, Inc. All Rights Reserved.

==============================================================

@I [SYN-201] Setting up clock 'default' with a period of 10ns.
@I [HLS-10] Setting target device to 'xc7z045ffg900-2'
@I [SYN-201] Setting up clock 'default' with a period of 10ns.
@I [HLS-10] Analyzing design file 'windows_func_weshu.cpp' ... 
@I [HLS-10] Analyzing design file 'polyfilter_params.cpp' ... 
@I [HLS-10] Analyzing design file 'poly_filter.cpp' ... 
@I [HLS-10] Validating synthesis directives ...
@I [HLS-111] Finished Checking Pragmas Time (s): cpu = 00:00:03 ; elapsed = 00:00:18 . Memory (MB): peak = 93.910 ; gain = 43.461
@I [HLS-111] Finished Linking Time (s): cpu = 00:00:03 ; elapsed = 00:00:26 . Memory (MB): peak = 93.973 ; gain = 43.523
@I [HLS-10] Starting code transformations ...
@I [XFORM-603] Inlining function 'PolyFilterIQmul<ap_fixed<16, 2, (ap_q_mode)5, (ap_o_mode)3, 0>, 16u, 4u>::IQMUL_PARAMS::get' into 'PolyFilterIQmul<ap_fixed<16, 2, (ap_q_mode)5, (ap_o_mode)3, 0>, 16u, 4u>::run' (poly_filter.cpp:72).
@I [XFORM-603] Inlining function 'PolyFilterFIR<ap_fixed<16, 2, (ap_q_mode)5, (ap_o_mode)3, 0>, 16u, 16u>::POLYFIR_COEFF::get' into 'PolyFilterFIR<ap_fixed<16, 2, (ap_q_mode)5, (ap_o_mode)3, 0>, 16u, 16u>::run' (poly_filter.cpp:138).
@I [HLS-111] Finished Standard Transforms Time (s): cpu = 00:00:07 ; elapsed = 00:00:36 . Memory (MB): peak = 399.168 ; gain = 348.719
@I [HLS-10] Checking synthesizability ...
@I [HLS-111] Finished Checking Synthesizability Time (s): cpu = 00:00:07 ; elapsed = 00:00:36 . Memory (MB): peak = 399.168 ; gain = 348.719
@I [XFORM-1101] Packing variable 'outdata.v' (poly_filter.cpp:153) into a 512-bit variable.
@I [XFORM-1101] Packing variable 'indata.v.V' (poly_filter.cpp:152) into a 256-bit variable.
@W [XFORM-152] Cannot apply array mapping directives with instance name 'indata.v.V' (poly_filter.cpp:152): cannot find another array to be merged with.
@I [XFORM-502] Unrolling all loops for pipelining in function 'PolyFilterIQmul<ap_fixed<16, 2, (ap_q_mode)5, (ap_o_mode)3, 0>, 16u, 4u>::run' (poly_filter.cpp:57:28).
@I [XFORM-502] Unrolling all loops for pipelining in function 'poly_filter' (poly_filter.cpp:152).
@I [XFORM-502] Unrolling all loops for pipelining in function 'PolyFilterFIR<ap_fixed<16, 2, (ap_q_mode)5, (ap_o_mode)3, 0>, 16u, 16u>::run' (poly_filter.cpp:124).
@I [XFORM-501] Unrolling loop 'Loop-1' (poly_filter.cpp:71) in function 'PolyFilterIQmul<ap_fixed<16, 2, (ap_q_mode)5, (ap_o_mode)3, 0>, 16u, 4u>::run' completely.
@I [XFORM-501] Unrolling loop 'Loop-1' (poly_filter.cpp:165) in function 'poly_filter' completely.
@I [XFORM-501] Unrolling loop 'Loop-1' (poly_filter.cpp:127) in function 'PolyFilterFIR<ap_fixed<16, 2, (ap_q_mode)5, (ap_o_mode)3, 0>, 16u, 16u>::run' completely.
@I [XFORM-501] Unrolling loop 'shift0' (poly_filter.cpp:130) in function 'PolyFilterFIR<ap_fixed<16, 2, (ap_q_mode)5, (ap_o_mode)3, 0>, 16u, 16u>::run' completely.
@I [XFORM-501] Unrolling loop 'filter0' (poly_filter.cpp:136) in function 'PolyFilterFIR<ap_fixed<16, 2, (ap_q_mode)5, (ap_o_mode)3, 0>, 16u, 16u>::run' completely.
@I [XFORM-102] Partitioning array 'iqmul_res._M_real.V' (poly_filter.cpp:165) automatically.
@I [XFORM-102] Partitioning array 'iqmul_res._M_imag.V' (poly_filter.cpp:165) automatically.
@I [XFORM-101] Partitioning array 'iqmul_inst.iqmulparams_.v_iq_mul._M_real.V'  in dimension 1 completely.
@I [XFORM-101] Partitioning array 'iqmul_inst.iqmulparams_.v_iq_mul._M_imag.V'  in dimension 1 completely.
@I [XFORM-101] Partitioning array 'iqfir_inst.fircoeff_.v_coeff_.V'  in dimension 1 completely.
@I [XFORM-101] Partitioning array 'iqfir_inst.shifttab_._M_real.V'  in dimension 1 completely.
@I [XFORM-101] Partitioning array 'iqfir_inst.shifttab_._M_imag.V'  in dimension 1 completely.
@I [XFORM-102] Automatically partitioning small array 'iqmul_inst.iqmulparams_.v_iq_mul._M_real.V.0' completely based on array size.
@I [XFORM-102] Automatically partitioning small array 'iqmul_inst.iqmulparams_.v_iq_mul._M_real.V.1' completely based on array size.
@I [XFORM-102] Automatically partitioning small array 'iqmul_inst.iqmulparams_.v_iq_mul._M_real.V.2' completely based on array size.
@I [XFORM-102] Automatically partitioning small array 'iqmul_inst.iqmulparams_.v_iq_mul._M_real.V.3' completely based on array size.
@I [XFORM-102] Automatically partitioning small array 'iqmul_inst.iqmulparams_.v_iq_mul._M_real.V.4' completely based on array size.
@I [XFORM-102] Automatically partitioning small array 'iqmul_inst.iqmulparams_.v_iq_mul._M_real.V.5' completely based on array size.
@I [XFORM-102] Automatically partitioning small array 'iqmul_inst.iqmulparams_.v_iq_mul._M_real.V.6' completely based on array size.
@I [XFORM-102] Automatically partitioning small array 'iqmul_inst.iqmulparams_.v_iq_mul._M_real.V.7' completely based on array size.
@I [XFORM-102] Automatically partitioning small array 'iqmul_inst.iqmulparams_.v_iq_mul._M_real.V.8' completely based on array size.
@I [XFORM-102] Automatically partitioning small array 'iqmul_inst.iqmulparams_.v_iq_mul._M_real.V.9' completely based on array size.
@I [XFORM-102] Automatically partitioning small array 'iqmul_inst.iqmulparams_.v_iq_mul._M_real.V.10' completely based on array size.
@I [XFORM-102] Automatically partitioning small array 'iqmul_inst.iqmulparams_.v_iq_mul._M_real.V.11' completely based on array size.
@I [XFORM-102] Automatically partitioning small array 'iqmul_inst.iqmulparams_.v_iq_mul._M_real.V.12' completely based on array size.
@I [XFORM-102] Automatically partitioning small array 'iqmul_inst.iqmulparams_.v_iq_mul._M_real.V.13' completely based on array size.
@I [XFORM-102] Automatically partitioning small array 'iqmul_inst.iqmulparams_.v_iq_mul._M_real.V.14' completely based on array size.
@I [XFORM-102] Automatically partitioning small array 'iqmul_inst.iqmulparams_.v_iq_mul._M_real.V.15' completely based on array size.
@I [XFORM-102] Automatically partitioning small array 'iqmul_inst.iqmulparams_.v_iq_mul._M_imag.V.0' completely based on array size.
@I [XFORM-102] Automatically partitioning small array 'iqmul_inst.iqmulparams_.v_iq_mul._M_imag.V.1' completely based on array size.
@I [XFORM-102] Automatically partitioning small array 'iqmul_inst.iqmulparams_.v_iq_mul._M_imag.V.2' completely based on array size.
@I [XFORM-102] Automatically partitioning small array 'iqmul_inst.iqmulparams_.v_iq_mul._M_imag.V.3' completely based on array size.
@I [XFORM-102] Automatically partitioning small array 'iqmul_inst.iqmulparams_.v_iq_mul._M_imag.V.4' completely based on array size.
@I [XFORM-102] Automatically partitioning small array 'iqmul_inst.iqmulparams_.v_iq_mul._M_imag.V.5' completely based on array size.
@I [XFORM-102] Automatically partitioning small array 'iqmul_inst.iqmulparams_.v_iq_mul._M_imag.V.6' completely based on array size.
@I [XFORM-102] Automatically partitioning small array 'iqmul_inst.iqmulparams_.v_iq_mul._M_imag.V.7' completely based on array size.
@I [XFORM-102] Automatically partitioning small array 'iqmul_inst.iqmulparams_.v_iq_mul._M_imag.V.8' completely based on array size.
@I [XFORM-102] Automatically partitioning small array 'iqmul_inst.iqmulparams_.v_iq_mul._M_imag.V.9' completely based on array size.
@I [XFORM-102] Automatically partitioning small array 'iqmul_inst.iqmulparams_.v_iq_mul._M_imag.V.10' completely based on array size.
@I [XFORM-102] Automatically partitioning small array 'iqmul_inst.iqmulparams_.v_iq_mul._M_imag.V.11' completely based on array size.
@I [XFORM-102] Automatically partitioning small array 'iqmul_inst.iqmulparams_.v_iq_mul._M_imag.V.12' completely based on array size.
@I [XFORM-102] Automatically partitioning small array 'iqmul_inst.iqmulparams_.v_iq_mul._M_imag.V.13' completely based on array size.
@I [XFORM-102] Automatically partitioning small array 'iqmul_inst.iqmulparams_.v_iq_mul._M_imag.V.14' completely based on array size.
@I [XFORM-102] Automatically partitioning small array 'iqmul_inst.iqmulparams_.v_iq_mul._M_imag.V.15' completely based on array size.
@I [XFORM-101] Partitioning array 'iqmul_inst.iqmulparams_.v_iq_mul._M_real.V.0' in dimension 1 completely.
@I [XFORM-101] Partitioning array 'iqmul_inst.iqmulparams_.v_iq_mul._M_real.V.1' in dimension 1 completely.
@I [XFORM-101] Partitioning array 'iqmul_inst.iqmulparams_.v_iq_mul._M_real.V.2' in dimension 1 completely.
@I [XFORM-101] Partitioning array 'iqmul_inst.iqmulparams_.v_iq_mul._M_real.V.3' in dimension 1 completely.
@I [XFORM-101] Partitioning array 'iqmul_inst.iqmulparams_.v_iq_mul._M_real.V.4' in dimension 1 completely.
@I [XFORM-101] Partitioning array 'iqmul_inst.iqmulparams_.v_iq_mul._M_real.V.5' in dimension 1 completely.
@I [XFORM-101] Partitioning array 'iqmul_inst.iqmulparams_.v_iq_mul._M_real.V.6' in dimension 1 completely.
@I [XFORM-101] Partitioning array 'iqmul_inst.iqmulparams_.v_iq_mul._M_real.V.7' in dimension 1 completely.
@I [XFORM-101] Partitioning array 'iqmul_inst.iqmulparams_.v_iq_mul._M_real.V.8' in dimension 1 completely.
@I [XFORM-101] Partitioning array 'iqmul_inst.iqmulparams_.v_iq_mul._M_real.V.9' in dimension 1 completely.
@I [XFORM-101] Partitioning array 'iqmul_inst.iqmulparams_.v_iq_mul._M_real.V.10' in dimension 1 completely.
@I [XFORM-101] Partitioning array 'iqmul_inst.iqmulparams_.v_iq_mul._M_real.V.11' in dimension 1 completely.
@I [XFORM-101] Partitioning array 'iqmul_inst.iqmulparams_.v_iq_mul._M_real.V.12' in dimension 1 completely.
@I [XFORM-101] Partitioning array 'iqmul_inst.iqmulparams_.v_iq_mul._M_real.V.13' in dimension 1 completely.
@I [XFORM-101] Partitioning array 'iqmul_inst.iqmulparams_.v_iq_mul._M_real.V.14' in dimension 1 completely.
@I [XFORM-101] Partitioning array 'iqmul_inst.iqmulparams_.v_iq_mul._M_real.V.15' in dimension 1 completely.
@I [XFORM-101] Partitioning array 'iqmul_inst.iqmulparams_.v_iq_mul._M_imag.V.0' in dimension 1 completely.
@I [XFORM-101] Partitioning array 'iqmul_inst.iqmulparams_.v_iq_mul._M_imag.V.1' in dimension 1 completely.
@I [XFORM-101] Partitioning array 'iqmul_inst.iqmulparams_.v_iq_mul._M_imag.V.2' in dimension 1 completely.
@I [XFORM-101] Partitioning array 'iqmul_inst.iqmulparams_.v_iq_mul._M_imag.V.3' in dimension 1 completely.
@I [XFORM-101] Partitioning array 'iqmul_inst.iqmulparams_.v_iq_mul._M_imag.V.4' in dimension 1 completely.
@I [XFORM-101] Partitioning array 'iqmul_inst.iqmulparams_.v_iq_mul._M_imag.V.5' in dimension 1 completely.
@I [XFORM-101] Partitioning array 'iqmul_inst.iqmulparams_.v_iq_mul._M_imag.V.6' in dimension 1 completely.
@I [XFORM-101] Partitioning array 'iqmul_inst.iqmulparams_.v_iq_mul._M_imag.V.7' in dimension 1 completely.
@I [XFORM-101] Partitioning array 'iqmul_inst.iqmulparams_.v_iq_mul._M_imag.V.8' in dimension 1 completely.
@I [XFORM-101] Partitioning array 'iqmul_inst.iqmulparams_.v_iq_mul._M_imag.V.9' in dimension 1 completely.
@I [XFORM-101] Partitioning array 'iqmul_inst.iqmulparams_.v_iq_mul._M_imag.V.10' in dimension 1 completely.
@I [XFORM-101] Partitioning array 'iqmul_inst.iqmulparams_.v_iq_mul._M_imag.V.11' in dimension 1 completely.
@I [XFORM-101] Partitioning array 'iqmul_inst.iqmulparams_.v_iq_mul._M_imag.V.12' in dimension 1 completely.
@I [XFORM-101] Partitioning array 'iqmul_inst.iqmulparams_.v_iq_mul._M_imag.V.13' in dimension 1 completely.
@I [XFORM-101] Partitioning array 'iqmul_inst.iqmulparams_.v_iq_mul._M_imag.V.14' in dimension 1 completely.
@I [XFORM-101] Partitioning array 'iqmul_inst.iqmulparams_.v_iq_mul._M_imag.V.15' in dimension 1 completely.
@I [XFORM-102] Partitioning array 'iqfir_inst.shifttab_._M_real.V.0' automatically.
@I [XFORM-102] Partitioning array 'iqfir_inst.shifttab_._M_real.V.1' automatically.
@I [XFORM-102] Partitioning array 'iqfir_inst.shifttab_._M_real.V.2' automatically.
@I [XFORM-102] Partitioning array 'iqfir_inst.shifttab_._M_real.V.3' automatically.
@I [XFORM-102] Partitioning array 'iqfir_inst.shifttab_._M_real.V.4' automatically.
@I [XFORM-102] Partitioning array 'iqfir_inst.shifttab_._M_real.V.5' automatically.
@I [XFORM-102] Partitioning array 'iqfir_inst.shifttab_._M_real.V.6' automatically.
@I [XFORM-102] Partitioning array 'iqfir_inst.shifttab_._M_real.V.7' automatically.
@I [XFORM-102] Partitioning array 'iqfir_inst.shifttab_._M_real.V.8' automatically.
@I [XFORM-102] Partitioning array 'iqfir_inst.shifttab_._M_real.V.9' automatically.
@I [XFORM-102] Partitioning array 'iqfir_inst.shifttab_._M_real.V.10' automatically.
@I [XFORM-102] Partitioning array 'iqfir_inst.shifttab_._M_real.V.11' automatically.
@I [XFORM-102] Partitioning array 'iqfir_inst.shifttab_._M_real.V.12' automatically.
@I [XFORM-102] Partitioning array 'iqfir_inst.shifttab_._M_real.V.13' automatically.
@I [XFORM-102] Partitioning array 'iqfir_inst.shifttab_._M_real.V.14' automatically.
@I [XFORM-102] Partitioning array 'iqfir_inst.shifttab_._M_real.V.15' automatically.
@I [XFORM-102] Partitioning array 'iqfir_inst.shifttab_._M_imag.V.0' automatically.
@I [XFORM-102] Partitioning array 'iqfir_inst.shifttab_._M_imag.V.1' automatically.
@I [XFORM-102] Partitioning array 'iqfir_inst.shifttab_._M_imag.V.2' automatically.
@I [XFORM-102] Partitioning array 'iqfir_inst.shifttab_._M_imag.V.3' automatically.
@I [XFORM-102] Partitioning array 'iqfir_inst.shifttab_._M_imag.V.4' automatically.
@I [XFORM-102] Partitioning array 'iqfir_inst.shifttab_._M_imag.V.5' automatically.
@I [XFORM-102] Partitioning array 'iqfir_inst.shifttab_._M_imag.V.6' automatically.
@I [XFORM-102] Partitioning array 'iqfir_inst.shifttab_._M_imag.V.7' automatically.
@I [XFORM-102] Partitioning array 'iqfir_inst.shifttab_._M_imag.V.8' automatically.
@I [XFORM-102] Partitioning array 'iqfir_inst.shifttab_._M_imag.V.9' automatically.
@I [XFORM-102] Partitioning array 'iqfir_inst.shifttab_._M_imag.V.10' automatically.
@I [XFORM-102] Partitioning array 'iqfir_inst.shifttab_._M_imag.V.11' automatically.
@I [XFORM-102] Partitioning array 'iqfir_inst.shifttab_._M_imag.V.12' automatically.
@I [XFORM-102] Partitioning array 'iqfir_inst.shifttab_._M_imag.V.13' automatically.
@I [XFORM-102] Partitioning array 'iqfir_inst.shifttab_._M_imag.V.14' automatically.
@I [XFORM-102] Partitioning array 'iqfir_inst.shifttab_._M_imag.V.15' automatically.
@I [XFORM-11] Balancing expressions in function 'PolyFilterFIR<ap_fixed<16, 2, (ap_q_mode)5, (ap_o_mode)3, 0>, 16u, 16u>::run' (poly_filter.cpp:124)...460 expression(s) balanced.
@I [HLS-111] Finished Pre-synthesis Time (s): cpu = 00:00:26 ; elapsed = 00:00:59 . Memory (MB): peak = 484.832 ; gain = 434.383
@W [XFORM-631] Renaming function 'PolyFilterIQmul<ap_fixed<16, 2, (ap_q_mode)5, (ap_o_mode)3, 0>, 16u, 4u>::run' (poly_filter.cpp:68) into run.
@W [XFORM-631] Renaming function 'PolyFilterFIR<ap_fixed<16, 2, (ap_q_mode)5, (ap_o_mode)3, 0>, 16u, 16u>::run' (poly_filter.cpp:124) into run.1.
@I [HLS-111] Finished Architecture Synthesis Time (s): cpu = 00:00:30 ; elapsed = 00:01:03 . Memory (MB): peak = 597.090 ; gain = 546.641
@I [HLS-10] Starting hardware synthesis ...
@I [HLS-10] Synthesizing 'poly_filter' ...
@W [SYN-103] Legalizing function name 'run.1' to 'run_1'.
@I [HLS-10] ----------------------------------------------------------------
@I [HLS-10] -- Implementing module 'run' 
@I [HLS-10] ----------------------------------------------------------------
@I [SCHED-11] Starting scheduling ...
@I [SCHED-61] Pipelining function 'run'.
@I [SCHED-61] Pipelining result: Target II: 1, Final II: 1, Depth: 1.
@I [SCHED-11] Finished scheduling.
@I [HLS-111]  Elapsed time: 63.53 seconds; current allocated memory: 543.816 MB.
@I [BIND-100] Starting micro-architecture generation ...
@I [BIND-101] Performing variable lifetime analysis.
@I [BIND-101] Exploring resource sharing.
@I [BIND-101] Binding ...
@I [BIND-100] Finished micro-architecture generation.
@I [HLS-111]  Elapsed time: 0.354 seconds; current allocated memory: 544.411 MB.
@I [HLS-10] ----------------------------------------------------------------
@I [HLS-10] -- Implementing module 'run_1' 
@I [HLS-10] ----------------------------------------------------------------
@I [SCHED-11] Starting scheduling ...
@I [SCHED-61] Pipelining function 'run.1'.
@I [SCHED-61] Pipelining result: Target II: 1, Final II: 1, Depth: 2.
@I [SCHED-11] Finished scheduling.
@I [HLS-111]  Elapsed time: 1.9 seconds; current allocated memory: 558.790 MB.
@I [BIND-100] Starting micro-architecture generation ...
@I [BIND-101] Performing variable lifetime analysis.
@I [BIND-101] Exploring resource sharing.
@I [BIND-101] Binding ...
@I [BIND-100] Finished micro-architecture generation.
@I [HLS-111]  Elapsed time: 5.497 seconds; current allocated memory: 566.245 MB.
@I [HLS-10] ----------------------------------------------------------------
@I [HLS-10] -- Implementing module 'poly_filter' 
@I [HLS-10] ----------------------------------------------------------------
@I [SCHED-11] Starting scheduling ...
@I [SCHED-61] Pipelining function 'poly_filter'.
@W [SCHED-63] Unable to schedule 'call' operation ('call_ret') to 'run' within the first cycle (II = 1).
Please consider increasing the target initiation interval of the pipeline.
@W [SCHED-63] Unable to schedule the whole 2 cycles 'call' operation to 'run.1' within the last cycle (II = 1).
Please consider increasing the initiation interval of the pipeline.
@I [SCHED-61] Pipelining result: Target II: 1, Final II: 1, Depth: 5.
@I [SCHED-11] Finished scheduling.
@I [HLS-111]  Elapsed time: 4.062 seconds; current allocated memory: 565.306 MB.
@I [BIND-100] Starting micro-architecture generation ...
@I [BIND-101] Performing variable lifetime analysis.
@I [BIND-101] Exploring resource sharing.
@I [BIND-101] Binding ...
@I [BIND-100] Finished micro-architecture generation.
@I [HLS-111]  Elapsed time: 0.509 seconds; current allocated memory: 565.964 MB.
@I [HLS-10] ----------------------------------------------------------------
@I [HLS-10] -- Generating RTL for module 'run' 
@I [HLS-10] ----------------------------------------------------------------
@W [RTGEN-101] Register 'iqmul_inst_i_s' is power-on initialization.
@I [SYN-210] Renamed object name 'poly_filter_mux_42_16_1' to 'poly_filter_mux_4bkb' due to the length limit 20
@I [SYN-210] Renamed object name 'poly_filter_mul_mul_16s_16s_30_1' to 'poly_filter_mul_mcud' due to the length limit 20
@I [RTGEN-100] Generating core module 'poly_filter_mul_mcud': 32 instance(s).
@I [RTGEN-100] Generating core module 'poly_filter_mux_4bkb': 32 instance(s).
@I [RTGEN-100] Finished creating RTL model for 'run'.
@I [HLS-111]  Elapsed time: 0.656 seconds; current allocated memory: 569.221 MB.
@I [HLS-10] ----------------------------------------------------------------
@I [HLS-10] -- Generating RTL for module 'run_1' 
@I [HLS-10] ----------------------------------------------------------------
@W [RTGEN-101] Register 'iqfir_inst_shifttab_235' is power-on initialization.
@W [RTGEN-101] Register 'iqfir_inst_shifttab_471' is power-on initialization.
@W [RTGEN-101] Register 'iqfir_inst_shifttab_228' is power-on initialization.
@W [RTGEN-101] Register 'iqfir_inst_shifttab_464' is power-on initialization.
@W [RTGEN-101] Register 'iqfir_inst_shifttab_227' is power-on initialization.
@W [RTGEN-101] Register 'iqfir_inst_shifttab_463' is power-on initialization.
@W [RTGEN-101] Register 'iqfir_inst_shifttab_226' is power-on initialization.
@W [RTGEN-101] Register 'iqfir_inst_shifttab_462' is power-on initialization.
@W [RTGEN-101] Register 'iqfir_inst_shifttab_225' is power-on initialization.
@W [RTGEN-101] Register 'iqfir_inst_shifttab_461' is power-on initialization.
@W [RTGEN-101] Register 'iqfir_inst_shifttab_224' is power-on initialization.
@W [RTGEN-101] Register 'iqfir_inst_shifttab_460' is power-on initialization.
@W [RTGEN-101] Register 'iqfir_inst_shifttab_223' is power-on initialization.
@W [RTGEN-101] Register 'iqfir_inst_shifttab_459' is power-on initialization.
@W [RTGEN-101] Register 'iqfir_inst_shifttab_222' is power-on initialization.
@W [RTGEN-101] Register 'iqfir_inst_shifttab_458' is power-on initialization.
@W [RTGEN-101] Register 'iqfir_inst_shifttab_221' is power-on initialization.
@W [RTGEN-101] Register 'iqfir_inst_shifttab_457' is power-on initialization.
@W [RTGEN-101] Register 'iqfir_inst_shifttab_234' is power-on initialization.
@W [RTGEN-101] Register 'iqfir_inst_shifttab_470' is power-on initialization.
@W [RTGEN-101] Register 'iqfir_inst_shifttab_233' is power-on initialization.
@W [RTGEN-101] Register 'iqfir_inst_shifttab_469' is power-on initialization.
@W [RTGEN-101] Register 'iqfir_inst_shifttab_232' is power-on initialization.
@W [RTGEN-101] Register 'iqfir_inst_shifttab_468' is power-on initialization.
@W [RTGEN-101] Register 'iqfir_inst_shifttab_231' is power-on initialization.
@W [RTGEN-101] Register 'iqfir_inst_shifttab_467' is power-on initialization.
@W [RTGEN-101] Register 'iqfir_inst_shifttab_230' is power-on initialization.
@W [RTGEN-101] Register 'iqfir_inst_shifttab_466' is power-on initialization.
@W [RTGEN-101] Register 'iqfir_inst_shifttab_229' is power-on initialization.
@W [RTGEN-101] Register 'iqfir_inst_shifttab_465' is power-on initialization.
@W [RTGEN-101] Register 'iqfir_inst_shifttab_220' is power-on initialization.
@W [RTGEN-101] Register 'iqfir_inst_shifttab_456' is power-on initialization.
@W [RTGEN-101] Register 'iqfir_inst_shifttab_213' is power-on initialization.
@W [RTGEN-101] Register 'iqfir_inst_shifttab_449' is power-on initialization.
@W [RTGEN-101] Register 'iqfir_inst_shifttab_212' is power-on initialization.
@W [RTGEN-101] Register 'iqfir_inst_shifttab_448' is power-on initialization.
@W [RTGEN-101] Register 'iqfir_inst_shifttab_211' is power-on initialization.
@W [RTGEN-101] Register 'iqfir_inst_shifttab_447' is power-on initialization.
@W [RTGEN-101] Register 'iqfir_inst_shifttab_210' is power-on initialization.
@W [RTGEN-101] Register 'iqfir_inst_shifttab_446' is power-on initialization.
@W [RTGEN-101] Register 'iqfir_inst_shifttab_209' is power-on initialization.
@W [RTGEN-101] Register 'iqfir_inst_shifttab_445' is power-on initialization.
@W [RTGEN-101] Register 'iqfir_inst_shifttab_208' is power-on initialization.
@W [RTGEN-101] Register 'iqfir_inst_shifttab_444' is power-on initialization.
@W [RTGEN-101] Register 'iqfir_inst_shifttab_207' is power-on initialization.
@W [RTGEN-101] Register 'iqfir_inst_shifttab_443' is power-on initialization.
@W [RTGEN-101] Register 'iqfir_inst_shifttab_206' is power-on initialization.
@W [RTGEN-101] Register 'iqfir_inst_shifttab_442' is power-on initialization.
@W [RTGEN-101] Register 'iqfir_inst_shifttab_219' is power-on initialization.
@W [RTGEN-101] Register 'iqfir_inst_shifttab_455' is power-on initialization.
@W [RTGEN-101] Register 'iqfir_inst_shifttab_218' is power-on initialization.
@W [RTGEN-101] Register 'iqfir_inst_shifttab_454' is power-on initialization.
@W [RTGEN-101] Register 'iqfir_inst_shifttab_217' is power-on initialization.
@W [RTGEN-101] Register 'iqfir_inst_shifttab_453' is power-on initialization.
@W [RTGEN-101] Register 'iqfir_inst_shifttab_216' is power-on initialization.
@W [RTGEN-101] Register 'iqfir_inst_shifttab_452' is power-on initialization.
@W [RTGEN-101] Register 'iqfir_inst_shifttab_215' is power-on initialization.
@W [RTGEN-101] Register 'iqfir_inst_shifttab_451' is power-on initialization.
@W [RTGEN-101] Register 'iqfir_inst_shifttab_214' is power-on initialization.
@W [RTGEN-101] Register 'iqfir_inst_shifttab_450' is power-on initialization.
@W [RTGEN-101] Register 'iqfir_inst_shifttab_119' is power-on initialization.
@W [RTGEN-101] Register 'iqfir_inst_shifttab_355' is power-on initialization.
@W [RTGEN-101] Register 'iqfir_inst_shifttab_112' is power-on initialization.
@W [RTGEN-101] Register 'iqfir_inst_shifttab_348' is power-on initialization.
@W [RTGEN-101] Register 'iqfir_inst_shifttab_111' is power-on initialization.
@W [RTGEN-101] Register 'iqfir_inst_shifttab_347' is power-on initialization.
@W [RTGEN-101] Register 'iqfir_inst_shifttab_110' is power-on initialization.
@W [RTGEN-101] Register 'iqfir_inst_shifttab_346' is power-on initialization.
@W [RTGEN-101] Register 'iqfir_inst_shifttab_109' is power-on initialization.
@W [RTGEN-101] Register 'iqfir_inst_shifttab_345' is power-on initialization.
@W [RTGEN-101] Register 'iqfir_inst_shifttab_108' is power-on initialization.
@W [RTGEN-101] Register 'iqfir_inst_shifttab_344' is power-on initialization.
@W [RTGEN-101] Register 'iqfir_inst_shifttab_107' is power-on initialization.
@W [RTGEN-101] Register 'iqfir_inst_shifttab_343' is power-on initialization.
@W [RTGEN-101] Register 'iqfir_inst_shifttab_106' is power-on initialization.
@W [RTGEN-101] Register 'iqfir_inst_shifttab_342' is power-on initialization.
@W [RTGEN-101] Register 'iqfir_inst_shifttab_105' is power-on initialization.
@W [RTGEN-101] Register 'iqfir_inst_shifttab_341' is power-on initialization.
@W [RTGEN-101] Register 'iqfir_inst_shifttab_118' is power-on initialization.
@W [RTGEN-101] Register 'iqfir_inst_shifttab_354' is power-on initialization.
@W [RTGEN-101] Register 'iqfir_inst_shifttab_117' is power-on initialization.
@W [RTGEN-101] Register 'iqfir_inst_shifttab_353' is power-on initialization.
@W [RTGEN-101] Register 'iqfir_inst_shifttab_116' is power-on initialization.
@W [RTGEN-101] Register 'iqfir_inst_shifttab_352' is power-on initialization.
@W [RTGEN-101] Register 'iqfir_inst_shifttab_115' is power-on initialization.
@W [RTGEN-101] Register 'iqfir_inst_shifttab_351' is power-on initialization.
@W [RTGEN-101] Register 'iqfir_inst_shifttab_114' is power-on initialization.
@W [RTGEN-101] Register 'iqfir_inst_shifttab_350' is power-on initialization.
@W [RTGEN-101] Register 'iqfir_inst_shifttab_113' is power-on initialization.
@W [RTGEN-101] Register 'iqfir_inst_shifttab_349' is power-on initialization.
@W [RTGEN-101] Register 'iqfir_inst_shifttab_104' is power-on initialization.
@W [RTGEN-101] Register 'iqfir_inst_shifttab_340' is power-on initialization.
@W [RTGEN-101] Register 'iqfir_inst_shifttab_97' is power-on initialization.
@W [RTGEN-101] Register 'iqfir_inst_shifttab_333' is power-on initialization.
@W [RTGEN-101] Register 'iqfir_inst_shifttab_96' is power-on initialization.
@W [RTGEN-101] Register 'iqfir_inst_shifttab_332' is power-on initialization.
@W [RTGEN-101] Register 'iqfir_inst_shifttab_95' is power-on initialization.
@W [RTGEN-101] Register 'iqfir_inst_shifttab_331' is power-on initialization.
@W [RTGEN-101] Register 'iqfir_inst_shifttab_94' is power-on initialization.
@W [RTGEN-101] Register 'iqfir_inst_shifttab_330' is power-on initialization.
@W [RTGEN-101] Register 'iqfir_inst_shifttab_93' is power-on initialization.
@W [RTGEN-101] Register 'iqfir_inst_shifttab_329' is power-on initialization.
@W [RTGEN-101] Register 'iqfir_inst_shifttab_92' is power-on initialization.
@W [RTGEN-101] Register 'iqfir_inst_shifttab_328' is power-on initialization.
@W [RTGEN-101] Register 'iqfir_inst_shifttab_91' is power-on initialization.
@W [RTGEN-101] Register 'iqfir_inst_shifttab_327' is power-on initialization.
@W [RTGEN-101] Register 'iqfir_inst_shifttab_90' is power-on initialization.
@W [RTGEN-101] Register 'iqfir_inst_shifttab_326' is power-on initialization.
@W [RTGEN-101] Register 'iqfir_inst_shifttab_103' is power-on initialization.
@W [RTGEN-101] Register 'iqfir_inst_shifttab_339' is power-on initialization.
@W [RTGEN-101] Register 'iqfir_inst_shifttab_102' is power-on initialization.
@W [RTGEN-101] Register 'iqfir_inst_shifttab_338' is power-on initialization.
@W [RTGEN-101] Register 'iqfir_inst_shifttab_101' is power-on initialization.
@W [RTGEN-101] Register 'iqfir_inst_shifttab_337' is power-on initialization.
@W [RTGEN-101] Register 'iqfir_inst_shifttab_100' is power-on initialization.
@W [RTGEN-101] Register 'iqfir_inst_shifttab_336' is power-on initialization.
@W [RTGEN-101] Register 'iqfir_inst_shifttab_99' is power-on initialization.
@W [RTGEN-101] Register 'iqfir_inst_shifttab_335' is power-on initialization.
@W [RTGEN-101] Register 'iqfir_inst_shifttab_98' is power-on initialization.
@W [RTGEN-101] Register 'iqfir_inst_shifttab_334' is power-on initialization.
@W [RTGEN-101] Register 'iqfir_inst_shifttab_89' is power-on initialization.
@W [RTGEN-101] Register 'iqfir_inst_shifttab_325' is power-on initialization.
@W [RTGEN-101] Register 'iqfir_inst_shifttab_82' is power-on initialization.
@W [RTGEN-101] Register 'iqfir_inst_shifttab_318' is power-on initialization.
@W [RTGEN-101] Register 'iqfir_inst_shifttab_81' is power-on initialization.
@W [RTGEN-101] Register 'iqfir_inst_shifttab_317' is power-on initialization.
@W [RTGEN-101] Register 'iqfir_inst_shifttab_80' is power-on initialization.
@W [RTGEN-101] Register 'iqfir_inst_shifttab_316' is power-on initialization.
@W [RTGEN-101] Register 'iqfir_inst_shifttab_79' is power-on initialization.
@W [RTGEN-101] Register 'iqfir_inst_shifttab_315' is power-on initialization.
@W [RTGEN-101] Register 'iqfir_inst_shifttab_78' is power-on initialization.
@W [RTGEN-101] Register 'iqfir_inst_shifttab_314' is power-on initialization.
@W [RTGEN-101] Register 'iqfir_inst_shifttab_77' is power-on initialization.
@W [RTGEN-101] Register 'iqfir_inst_shifttab_313' is power-on initialization.
@W [RTGEN-101] Register 'iqfir_inst_shifttab_76' is power-on initialization.
@W [RTGEN-101] Register 'iqfir_inst_shifttab_312' is power-on initialization.
@W [RTGEN-101] Register 'iqfir_inst_shifttab_75' is power-on initialization.
@W [RTGEN-101] Register 'iqfir_inst_shifttab_311' is power-on initialization.
@W [RTGEN-101] Register 'iqfir_inst_shifttab_88' is power-on initialization.
@W [RTGEN-101] Register 'iqfir_inst_shifttab_324' is power-on initialization.
@W [RTGEN-101] Register 'iqfir_inst_shifttab_87' is power-on initialization.
@W [RTGEN-101] Register 'iqfir_inst_shifttab_323' is power-on initialization.
@W [RTGEN-101] Register 'iqfir_inst_shifttab_86' is power-on initialization.
@W [RTGEN-101] Register 'iqfir_inst_shifttab_322' is power-on initialization.
@W [RTGEN-101] Register 'iqfir_inst_shifttab_85' is power-on initialization.
@W [RTGEN-101] Register 'iqfir_inst_shifttab_321' is power-on initialization.
@W [RTGEN-101] Register 'iqfir_inst_shifttab_84' is power-on initialization.
@W [RTGEN-101] Register 'iqfir_inst_shifttab_320' is power-on initialization.
@W [RTGEN-101] Register 'iqfir_inst_shifttab_83' is power-on initialization.
@W [RTGEN-101] Register 'iqfir_inst_shifttab_319' is power-on initialization.
@W [RTGEN-101] Register 'iqfir_inst_shifttab_74' is power-on initialization.
@W [RTGEN-101] Register 'iqfir_inst_shifttab_310' is power-on initialization.
@W [RTGEN-101] Register 'iqfir_inst_shifttab_67' is power-on initialization.
@W [RTGEN-101] Register 'iqfir_inst_shifttab_303' is power-on initialization.
@W [RTGEN-101] Register 'iqfir_inst_shifttab_66' is power-on initialization.
@W [RTGEN-101] Register 'iqfir_inst_shifttab_302' is power-on initialization.
@W [RTGEN-101] Register 'iqfir_inst_shifttab_65' is power-on initialization.
@W [RTGEN-101] Register 'iqfir_inst_shifttab_301' is power-on initialization.
@W [RTGEN-101] Register 'iqfir_inst_shifttab_64' is power-on initialization.
@W [RTGEN-101] Register 'iqfir_inst_shifttab_300' is power-on initialization.
@W [RTGEN-101] Register 'iqfir_inst_shifttab_63' is power-on initialization.
@W [RTGEN-101] Register 'iqfir_inst_shifttab_299' is power-on initialization.
@W [RTGEN-101] Register 'iqfir_inst_shifttab_62' is power-on initialization.
@W [RTGEN-101] Register 'iqfir_inst_shifttab_298' is power-on initialization.
@W [RTGEN-101] Register 'iqfir_inst_shifttab_61' is power-on initialization.
@W [RTGEN-101] Register 'iqfir_inst_shifttab_297' is power-on initialization.
@W [RTGEN-101] Register 'iqfir_inst_shifttab_60' is power-on initialization.
@W [RTGEN-101] Register 'iqfir_inst_shifttab_296' is power-on initialization.
@W [RTGEN-101] Register 'iqfir_inst_shifttab_73' is power-on initialization.
@W [RTGEN-101] Register 'iqfir_inst_shifttab_309' is power-on initialization.
@W [RTGEN-101] Register 'iqfir_inst_shifttab_72' is power-on initialization.
@W [RTGEN-101] Register 'iqfir_inst_shifttab_308' is power-on initialization.
@W [RTGEN-101] Register 'iqfir_inst_shifttab_71' is power-on initialization.
@W [RTGEN-101] Register 'iqfir_inst_shifttab_307' is power-on initialization.
@W [RTGEN-101] Register 'iqfir_inst_shifttab_70' is power-on initialization.
@W [RTGEN-101] Register 'iqfir_inst_shifttab_306' is power-on initialization.
@W [RTGEN-101] Register 'iqfir_inst_shifttab_69' is power-on initialization.
@W [RTGEN-101] Register 'iqfir_inst_shifttab_305' is power-on initialization.
@W [RTGEN-101] Register 'iqfir_inst_shifttab_68' is power-on initialization.
@W [RTGEN-101] Register 'iqfir_inst_shifttab_304' is power-on initialization.
@W [RTGEN-101] Register 'iqfir_inst_shifttab_59' is power-on initialization.
@W [RTGEN-101] Register 'iqfir_inst_shifttab_295' is power-on initialization.
@W [RTGEN-101] Register 'iqfir_inst_shifttab_52' is power-on initialization.
@W [RTGEN-101] Register 'iqfir_inst_shifttab_288' is power-on initialization.
@W [RTGEN-101] Register 'iqfir_inst_shifttab_51' is power-on initialization.
@W [RTGEN-101] Register 'iqfir_inst_shifttab_287' is power-on initialization.
@W [RTGEN-101] Register 'iqfir_inst_shifttab_50' is power-on initialization.
@W [RTGEN-101] Register 'iqfir_inst_shifttab_286' is power-on initialization.
@W [RTGEN-101] Register 'iqfir_inst_shifttab_49' is power-on initialization.
@W [RTGEN-101] Register 'iqfir_inst_shifttab_285' is power-on initialization.
@W [RTGEN-101] Register 'iqfir_inst_shifttab_48' is power-on initialization.
@W [RTGEN-101] Register 'iqfir_inst_shifttab_284' is power-on initialization.
@W [RTGEN-101] Register 'iqfir_inst_shifttab_47' is power-on initialization.
@W [RTGEN-101] Register 'iqfir_inst_shifttab_283' is power-on initialization.
@W [RTGEN-101] Register 'iqfir_inst_shifttab_46' is power-on initialization.
@W [RTGEN-101] Register 'iqfir_inst_shifttab_282' is power-on initialization.
@W [RTGEN-101] Register 'iqfir_inst_shifttab_45' is power-on initialization.
@W [RTGEN-101] Register 'iqfir_inst_shifttab_281' is power-on initialization.
@W [RTGEN-101] Register 'iqfir_inst_shifttab_58' is power-on initialization.
@W [RTGEN-101] Register 'iqfir_inst_shifttab_294' is power-on initialization.
@W [RTGEN-101] Register 'iqfir_inst_shifttab_57' is power-on initialization.
@W [RTGEN-101] Register 'iqfir_inst_shifttab_293' is power-on initialization.
@W [RTGEN-101] Register 'iqfir_inst_shifttab_56' is power-on initialization.
@W [RTGEN-101] Register 'iqfir_inst_shifttab_292' is power-on initialization.
@W [RTGEN-101] Register 'iqfir_inst_shifttab_55' is power-on initialization.
@W [RTGEN-101] Register 'iqfir_inst_shifttab_291' is power-on initialization.
@W [RTGEN-101] Register 'iqfir_inst_shifttab_54' is power-on initialization.
@W [RTGEN-101] Register 'iqfir_inst_shifttab_290' is power-on initialization.
@W [RTGEN-101] Register 'iqfir_inst_shifttab_53' is power-on initialization.
@W [RTGEN-101] Register 'iqfir_inst_shifttab_289' is power-on initialization.
@W [RTGEN-101] Register 'iqfir_inst_shifttab_44' is power-on initialization.
@W [RTGEN-101] Register 'iqfir_inst_shifttab_280' is power-on initialization.
@W [RTGEN-101] Register 'iqfir_inst_shifttab_37' is power-on initialization.
@W [RTGEN-101] Register 'iqfir_inst_shifttab_273' is power-on initialization.
@W [RTGEN-101] Register 'iqfir_inst_shifttab_36' is power-on initialization.
@W [RTGEN-101] Register 'iqfir_inst_shifttab_272' is power-on initialization.
@W [RTGEN-101] Register 'iqfir_inst_shifttab_35' is power-on initialization.
@W [RTGEN-101] Register 'iqfir_inst_shifttab_271' is power-on initialization.
@W [RTGEN-101] Register 'iqfir_inst_shifttab_34' is power-on initialization.
@W [RTGEN-101] Register 'iqfir_inst_shifttab_270' is power-on initialization.
@W [RTGEN-101] Register 'iqfir_inst_shifttab_33' is power-on initialization.
@W [RTGEN-101] Register 'iqfir_inst_shifttab_269' is power-on initialization.
@W [RTGEN-101] Register 'iqfir_inst_shifttab_32' is power-on initialization.
@W [RTGEN-101] Register 'iqfir_inst_shifttab_268' is power-on initialization.
@W [RTGEN-101] Register 'iqfir_inst_shifttab_31' is power-on initialization.
@W [RTGEN-101] Register 'iqfir_inst_shifttab_267' is power-on initialization.
@W [RTGEN-101] Register 'iqfir_inst_shifttab_30' is power-on initialization.
@W [RTGEN-101] Register 'iqfir_inst_shifttab_266' is power-on initialization.
@W [RTGEN-101] Register 'iqfir_inst_shifttab_43' is power-on initialization.
@W [RTGEN-101] Register 'iqfir_inst_shifttab_279' is power-on initialization.
@W [RTGEN-101] Register 'iqfir_inst_shifttab_42' is power-on initialization.
@W [RTGEN-101] Register 'iqfir_inst_shifttab_278' is power-on initialization.
@W [RTGEN-101] Register 'iqfir_inst_shifttab_41' is power-on initialization.
@W [RTGEN-101] Register 'iqfir_inst_shifttab_277' is power-on initialization.
@W [RTGEN-101] Register 'iqfir_inst_shifttab_40' is power-on initialization.
@W [RTGEN-101] Register 'iqfir_inst_shifttab_276' is power-on initialization.
@W [RTGEN-101] Register 'iqfir_inst_shifttab_39' is power-on initialization.
@W [RTGEN-101] Register 'iqfir_inst_shifttab_275' is power-on initialization.
@W [RTGEN-101] Register 'iqfir_inst_shifttab_38' is power-on initialization.
@W [RTGEN-101] Register 'iqfir_inst_shifttab_274' is power-on initialization.
@W [RTGEN-101] Register 'iqfir_inst_shifttab_29' is power-on initialization.
@W [RTGEN-101] Register 'iqfir_inst_shifttab_265' is power-on initialization.
@W [RTGEN-101] Register 'iqfir_inst_shifttab_22' is power-on initialization.
@W [RTGEN-101] Register 'iqfir_inst_shifttab_258' is power-on initialization.
@W [RTGEN-101] Register 'iqfir_inst_shifttab_21' is power-on initialization.
@W [RTGEN-101] Register 'iqfir_inst_shifttab_257' is power-on initialization.
@W [RTGEN-101] Register 'iqfir_inst_shifttab_20' is power-on initialization.
@W [RTGEN-101] Register 'iqfir_inst_shifttab_256' is power-on initialization.
@W [RTGEN-101] Register 'iqfir_inst_shifttab_19' is power-on initialization.
@W [RTGEN-101] Register 'iqfir_inst_shifttab_255' is power-on initialization.
@W [RTGEN-101] Register 'iqfir_inst_shifttab_18' is power-on initialization.
@W [RTGEN-101] Register 'iqfir_inst_shifttab_254' is power-on initialization.
@W [RTGEN-101] Register 'iqfir_inst_shifttab_17' is power-on initialization.
@W [RTGEN-101] Register 'iqfir_inst_shifttab_253' is power-on initialization.
@W [RTGEN-101] Register 'iqfir_inst_shifttab_16' is power-on initialization.
@W [RTGEN-101] Register 'iqfir_inst_shifttab_252' is power-on initialization.
@W [RTGEN-101] Register 'iqfir_inst_shifttab_15' is power-on initialization.
@W [RTGEN-101] Register 'iqfir_inst_shifttab_251' is power-on initialization.
@W [RTGEN-101] Register 'iqfir_inst_shifttab_28' is power-on initialization.
@W [RTGEN-101] Register 'iqfir_inst_shifttab_264' is power-on initialization.
@W [RTGEN-101] Register 'iqfir_inst_shifttab_27' is power-on initialization.
@W [RTGEN-101] Register 'iqfir_inst_shifttab_263' is power-on initialization.
@W [RTGEN-101] Register 'iqfir_inst_shifttab_26' is power-on initialization.
@W [RTGEN-101] Register 'iqfir_inst_shifttab_262' is power-on initialization.
@W [RTGEN-101] Register 'iqfir_inst_shifttab_25' is power-on initialization.
@W [RTGEN-101] Register 'iqfir_inst_shifttab_261' is power-on initialization.
@W [RTGEN-101] Register 'iqfir_inst_shifttab_24' is power-on initialization.
@W [RTGEN-101] Register 'iqfir_inst_shifttab_260' is power-on initialization.
@W [RTGEN-101] Register 'iqfir_inst_shifttab_23' is power-on initialization.
@W [RTGEN-101] Register 'iqfir_inst_shifttab_259' is power-on initialization.
@W [RTGEN-101] Register 'iqfir_inst_shifttab_14' is power-on initialization.
@W [RTGEN-101] Register 'iqfir_inst_shifttab_250' is power-on initialization.
@W [RTGEN-101] Register 'iqfir_inst_shifttab_7' is power-on initialization.
@W [RTGEN-101] Register 'iqfir_inst_shifttab_243' is power-on initialization.
@W [RTGEN-101] Register 'iqfir_inst_shifttab_6' is power-on initialization.
@W [RTGEN-101] Register 'iqfir_inst_shifttab_242' is power-on initialization.
@W [RTGEN-101] Register 'iqfir_inst_shifttab_5' is power-on initialization.
@W [RTGEN-101] Register 'iqfir_inst_shifttab_241' is power-on initialization.
@W [RTGEN-101] Register 'iqfir_inst_shifttab_4' is power-on initialization.
@W [RTGEN-101] Register 'iqfir_inst_shifttab_240' is power-on initialization.
@W [RTGEN-101] Register 'iqfir_inst_shifttab_3' is power-on initialization.
@W [RTGEN-101] Register 'iqfir_inst_shifttab_239' is power-on initialization.
@W [RTGEN-101] Register 'iqfir_inst_shifttab_2' is power-on initialization.
@W [RTGEN-101] Register 'iqfir_inst_shifttab_238' is power-on initialization.
@W [RTGEN-101] Register 'iqfir_inst_shifttab_1' is power-on initialization.
@W [RTGEN-101] Register 'iqfir_inst_shifttab_237' is power-on initialization.
@W [RTGEN-101] Register 'iqfir_inst_shifttab_s' is power-on initialization.
@W [RTGEN-101] Register 'iqfir_inst_shifttab_236' is power-on initialization.
@W [RTGEN-101] Register 'iqfir_inst_shifttab_13' is power-on initialization.
@W [RTGEN-101] Register 'iqfir_inst_shifttab_249' is power-on initialization.
@W [RTGEN-101] Register 'iqfir_inst_shifttab_12' is power-on initialization.
@W [RTGEN-101] Register 'iqfir_inst_shifttab_248' is power-on initialization.
@W [RTGEN-101] Register 'iqfir_inst_shifttab_11' is power-on initialization.
@W [RTGEN-101] Register 'iqfir_inst_shifttab_247' is power-on initialization.
@W [RTGEN-101] Register 'iqfir_inst_shifttab_10' is power-on initialization.
@W [RTGEN-101] Register 'iqfir_inst_shifttab_246' is power-on initialization.
@W [RTGEN-101] Register 'iqfir_inst_shifttab_9' is power-on initialization.
@W [RTGEN-101] Register 'iqfir_inst_shifttab_245' is power-on initialization.
@W [RTGEN-101] Register 'iqfir_inst_shifttab_8' is power-on initialization.
@W [RTGEN-101] Register 'iqfir_inst_shifttab_244' is power-on initialization.
@W [RTGEN-101] Register 'iqfir_inst_shifttab_205' is power-on initialization.
@W [RTGEN-101] Register 'iqfir_inst_shifttab_441' is power-on initialization.
@W [RTGEN-101] Register 'iqfir_inst_shifttab_198' is power-on initialization.
@W [RTGEN-101] Register 'iqfir_inst_shifttab_434' is power-on initialization.
@W [RTGEN-101] Register 'iqfir_inst_shifttab_197' is power-on initialization.
@W [RTGEN-101] Register 'iqfir_inst_shifttab_433' is power-on initialization.
@W [RTGEN-101] Register 'iqfir_inst_shifttab_196' is power-on initialization.
@W [RTGEN-101] Register 'iqfir_inst_shifttab_432' is power-on initialization.
@W [RTGEN-101] Register 'iqfir_inst_shifttab_195' is power-on initialization.
@W [RTGEN-101] Register 'iqfir_inst_shifttab_431' is power-on initialization.
@W [RTGEN-101] Register 'iqfir_inst_shifttab_194' is power-on initialization.
@W [RTGEN-101] Register 'iqfir_inst_shifttab_430' is power-on initialization.
@W [RTGEN-101] Register 'iqfir_inst_shifttab_193' is power-on initialization.
@W [RTGEN-101] Register 'iqfir_inst_shifttab_429' is power-on initialization.
@W [RTGEN-101] Register 'iqfir_inst_shifttab_192' is power-on initialization.
@W [RTGEN-101] Register 'iqfir_inst_shifttab_428' is power-on initialization.
@W [RTGEN-101] Register 'iqfir_inst_shifttab_191' is power-on initialization.
@W [RTGEN-101] Register 'iqfir_inst_shifttab_427' is power-on initialization.
@W [RTGEN-101] Register 'iqfir_inst_shifttab_204' is power-on initialization.
@W [RTGEN-101] Register 'iqfir_inst_shifttab_440' is power-on initialization.
@W [RTGEN-101] Register 'iqfir_inst_shifttab_203' is power-on initialization.
@W [RTGEN-101] Register 'iqfir_inst_shifttab_439' is power-on initialization.
@W [RTGEN-101] Register 'iqfir_inst_shifttab_202' is power-on initialization.
@W [RTGEN-101] Register 'iqfir_inst_shifttab_438' is power-on initialization.
@W [RTGEN-101] Register 'iqfir_inst_shifttab_201' is power-on initialization.
@W [RTGEN-101] Register 'iqfir_inst_shifttab_437' is power-on initialization.
@W [RTGEN-101] Register 'iqfir_inst_shifttab_200' is power-on initialization.
@W [RTGEN-101] Register 'iqfir_inst_shifttab_436' is power-on initialization.
@W [RTGEN-101] Register 'iqfir_inst_shifttab_199' is power-on initialization.
@W [RTGEN-101] Register 'iqfir_inst_shifttab_435' is power-on initialization.
@W [RTGEN-101] Register 'iqfir_inst_shifttab_184' is power-on initialization.
@W [RTGEN-101] Register 'iqfir_inst_shifttab_420' is power-on initialization.
@W [RTGEN-101] Register 'iqfir_inst_shifttab_183' is power-on initialization.
@W [RTGEN-101] Register 'iqfir_inst_shifttab_419' is power-on initialization.
@W [RTGEN-101] Register 'iqfir_inst_shifttab_182' is power-on initialization.
@W [RTGEN-101] Register 'iqfir_inst_shifttab_418' is power-on initialization.
@W [RTGEN-101] Register 'iqfir_inst_shifttab_181' is power-on initialization.
@W [RTGEN-101] Register 'iqfir_inst_shifttab_417' is power-on initialization.
@W [RTGEN-101] Register 'iqfir_inst_shifttab_180' is power-on initialization.
@W [RTGEN-101] Register 'iqfir_inst_shifttab_416' is power-on initialization.
@W [RTGEN-101] Register 'iqfir_inst_shifttab_179' is power-on initialization.
@W [RTGEN-101] Register 'iqfir_inst_shifttab_415' is power-on initialization.
@W [RTGEN-101] Register 'iqfir_inst_shifttab_178' is power-on initialization.
@W [RTGEN-101] Register 'iqfir_inst_shifttab_414' is power-on initialization.
@W [RTGEN-101] Register 'iqfir_inst_shifttab_177' is power-on initialization.
@W [RTGEN-101] Register 'iqfir_inst_shifttab_413' is power-on initialization.
@W [RTGEN-101] Register 'iqfir_inst_shifttab_190' is power-on initialization.
@W [RTGEN-101] Register 'iqfir_inst_shifttab_426' is power-on initialization.
@W [RTGEN-101] Register 'iqfir_inst_shifttab_189' is power-on initialization.
@W [RTGEN-101] Register 'iqfir_inst_shifttab_425' is power-on initialization.
@W [RTGEN-101] Register 'iqfir_inst_shifttab_188' is power-on initialization.
@W [RTGEN-101] Register 'iqfir_inst_shifttab_424' is power-on initialization.
@W [RTGEN-101] Register 'iqfir_inst_shifttab_187' is power-on initialization.
@W [RTGEN-101] Register 'iqfir_inst_shifttab_423' is power-on initialization.
@W [RTGEN-101] Register 'iqfir_inst_shifttab_186' is power-on initialization.
@W [RTGEN-101] Register 'iqfir_inst_shifttab_422' is power-on initialization.
@W [RTGEN-101] Register 'iqfir_inst_shifttab_185' is power-on initialization.
@W [RTGEN-101] Register 'iqfir_inst_shifttab_421' is power-on initialization.
@W [RTGEN-101] Register 'iqfir_inst_shifttab_170' is power-on initialization.
@W [RTGEN-101] Register 'iqfir_inst_shifttab_406' is power-on initialization.
@W [RTGEN-101] Register 'iqfir_inst_shifttab_169' is power-on initialization.
@W [RTGEN-101] Register 'iqfir_inst_shifttab_405' is power-on initialization.
@W [RTGEN-101] Register 'iqfir_inst_shifttab_168' is power-on initialization.
@W [RTGEN-101] Register 'iqfir_inst_shifttab_404' is power-on initialization.
@W [RTGEN-101] Register 'iqfir_inst_shifttab_167' is power-on initialization.
@W [RTGEN-101] Register 'iqfir_inst_shifttab_403' is power-on initialization.
@W [RTGEN-101] Register 'iqfir_inst_shifttab_166' is power-on initialization.
@W [RTGEN-101] Register 'iqfir_inst_shifttab_402' is power-on initialization.
@W [RTGEN-101] Register 'iqfir_inst_shifttab_165' is power-on initialization.
@W [RTGEN-101] Register 'iqfir_inst_shifttab_401' is power-on initialization.
@W [RTGEN-101] Register 'iqfir_inst_shifttab_164' is power-on initialization.
@W [RTGEN-101] Register 'iqfir_inst_shifttab_400' is power-on initialization.
@W [RTGEN-101] Register 'iqfir_inst_shifttab_163' is power-on initialization.
@W [RTGEN-101] Register 'iqfir_inst_shifttab_399' is power-on initialization.
@W [RTGEN-101] Register 'iqfir_inst_shifttab_176' is power-on initialization.
@W [RTGEN-101] Register 'iqfir_inst_shifttab_412' is power-on initialization.
@W [RTGEN-101] Register 'iqfir_inst_shifttab_175' is power-on initialization.
@W [RTGEN-101] Register 'iqfir_inst_shifttab_411' is power-on initialization.
@W [RTGEN-101] Register 'iqfir_inst_shifttab_174' is power-on initialization.
@W [RTGEN-101] Register 'iqfir_inst_shifttab_410' is power-on initialization.
@W [RTGEN-101] Register 'iqfir_inst_shifttab_173' is power-on initialization.
@W [RTGEN-101] Register 'iqfir_inst_shifttab_409' is power-on initialization.
@W [RTGEN-101] Register 'iqfir_inst_shifttab_172' is power-on initialization.
@W [RTGEN-101] Register 'iqfir_inst_shifttab_408' is power-on initialization.
@W [RTGEN-101] Register 'iqfir_inst_shifttab_171' is power-on initialization.
@W [RTGEN-101] Register 'iqfir_inst_shifttab_407' is power-on initialization.
@W [RTGEN-101] Register 'iqfir_inst_shifttab_156' is power-on initialization.
@W [RTGEN-101] Register 'iqfir_inst_shifttab_392' is power-on initialization.
@W [RTGEN-101] Register 'iqfir_inst_shifttab_155' is power-on initialization.
@W [RTGEN-101] Register 'iqfir_inst_shifttab_391' is power-on initialization.
@W [RTGEN-101] Register 'iqfir_inst_shifttab_154' is power-on initialization.
@W [RTGEN-101] Register 'iqfir_inst_shifttab_390' is power-on initialization.
@W [RTGEN-101] Register 'iqfir_inst_shifttab_153' is power-on initialization.
@W [RTGEN-101] Register 'iqfir_inst_shifttab_389' is power-on initialization.
@W [RTGEN-101] Register 'iqfir_inst_shifttab_152' is power-on initialization.
@W [RTGEN-101] Register 'iqfir_inst_shifttab_388' is power-on initialization.
@W [RTGEN-101] Register 'iqfir_inst_shifttab_151' is power-on initialization.
@W [RTGEN-101] Register 'iqfir_inst_shifttab_387' is power-on initialization.
@W [RTGEN-101] Register 'iqfir_inst_shifttab_150' is power-on initialization.
@W [RTGEN-101] Register 'iqfir_inst_shifttab_386' is power-on initialization.
@W [RTGEN-101] Register 'iqfir_inst_shifttab_149' is power-on initialization.
@W [RTGEN-101] Register 'iqfir_inst_shifttab_385' is power-on initialization.
@W [RTGEN-101] Register 'iqfir_inst_shifttab_162' is power-on initialization.
@W [RTGEN-101] Register 'iqfir_inst_shifttab_398' is power-on initialization.
@W [RTGEN-101] Register 'iqfir_inst_shifttab_161' is power-on initialization.
@W [RTGEN-101] Register 'iqfir_inst_shifttab_397' is power-on initialization.
@W [RTGEN-101] Register 'iqfir_inst_shifttab_160' is power-on initialization.
@W [RTGEN-101] Register 'iqfir_inst_shifttab_396' is power-on initialization.
@W [RTGEN-101] Register 'iqfir_inst_shifttab_159' is power-on initialization.
@W [RTGEN-101] Register 'iqfir_inst_shifttab_395' is power-on initialization.
@W [RTGEN-101] Register 'iqfir_inst_shifttab_158' is power-on initialization.
@W [RTGEN-101] Register 'iqfir_inst_shifttab_394' is power-on initialization.
@W [RTGEN-101] Register 'iqfir_inst_shifttab_157' is power-on initialization.
@W [RTGEN-101] Register 'iqfir_inst_shifttab_393' is power-on initialization.
@W [RTGEN-101] Register 'iqfir_inst_shifttab_142' is power-on initialization.
@W [RTGEN-101] Register 'iqfir_inst_shifttab_378' is power-on initialization.
@W [RTGEN-101] Register 'iqfir_inst_shifttab_141' is power-on initialization.
@W [RTGEN-101] Register 'iqfir_inst_shifttab_377' is power-on initialization.
@W [RTGEN-101] Register 'iqfir_inst_shifttab_140' is power-on initialization.
@W [RTGEN-101] Register 'iqfir_inst_shifttab_376' is power-on initialization.
@W [RTGEN-101] Register 'iqfir_inst_shifttab_139' is power-on initialization.
@W [RTGEN-101] Register 'iqfir_inst_shifttab_375' is power-on initialization.
@W [RTGEN-101] Register 'iqfir_inst_shifttab_138' is power-on initialization.
@W [RTGEN-101] Register 'iqfir_inst_shifttab_374' is power-on initialization.
@W [RTGEN-101] Register 'iqfir_inst_shifttab_137' is power-on initialization.
@W [RTGEN-101] Register 'iqfir_inst_shifttab_373' is power-on initialization.
@W [RTGEN-101] Register 'iqfir_inst_shifttab_136' is power-on initialization.
@W [RTGEN-101] Register 'iqfir_inst_shifttab_372' is power-on initialization.
@W [RTGEN-101] Register 'iqfir_inst_shifttab_135' is power-on initialization.
@W [RTGEN-101] Register 'iqfir_inst_shifttab_371' is power-on initialization.
@W [RTGEN-101] Register 'iqfir_inst_shifttab_148' is power-on initialization.
@W [RTGEN-101] Register 'iqfir_inst_shifttab_384' is power-on initialization.
@W [RTGEN-101] Register 'iqfir_inst_shifttab_147' is power-on initialization.
@W [RTGEN-101] Register 'iqfir_inst_shifttab_383' is power-on initialization.
@W [RTGEN-101] Register 'iqfir_inst_shifttab_146' is power-on initialization.
@W [RTGEN-101] Register 'iqfir_inst_shifttab_382' is power-on initialization.
@W [RTGEN-101] Register 'iqfir_inst_shifttab_145' is power-on initialization.
@W [RTGEN-101] Register 'iqfir_inst_shifttab_381' is power-on initialization.
@W [RTGEN-101] Register 'iqfir_inst_shifttab_144' is power-on initialization.
@W [RTGEN-101] Register 'iqfir_inst_shifttab_380' is power-on initialization.
@W [RTGEN-101] Register 'iqfir_inst_shifttab_143' is power-on initialization.
@W [RTGEN-101] Register 'iqfir_inst_shifttab_379' is power-on initialization.
@W [RTGEN-101] Register 'iqfir_inst_shifttab_134' is power-on initialization.
@W [RTGEN-101] Register 'iqfir_inst_shifttab_370' is power-on initialization.
@W [RTGEN-101] Register 'iqfir_inst_shifttab_127' is power-on initialization.
@W [RTGEN-101] Register 'iqfir_inst_shifttab_363' is power-on initialization.
@W [RTGEN-101] Register 'iqfir_inst_shifttab_126' is power-on initialization.
@W [RTGEN-101] Register 'iqfir_inst_shifttab_362' is power-on initialization.
@W [RTGEN-101] Register 'iqfir_inst_shifttab_125' is power-on initialization.
@W [RTGEN-101] Register 'iqfir_inst_shifttab_361' is power-on initialization.
@W [RTGEN-101] Register 'iqfir_inst_shifttab_124' is power-on initialization.
@W [RTGEN-101] Register 'iqfir_inst_shifttab_360' is power-on initialization.
@W [RTGEN-101] Register 'iqfir_inst_shifttab_123' is power-on initialization.
@W [RTGEN-101] Register 'iqfir_inst_shifttab_359' is power-on initialization.
@W [RTGEN-101] Register 'iqfir_inst_shifttab_122' is power-on initialization.
@W [RTGEN-101] Register 'iqfir_inst_shifttab_358' is power-on initialization.
@W [RTGEN-101] Register 'iqfir_inst_shifttab_121' is power-on initialization.
@W [RTGEN-101] Register 'iqfir_inst_shifttab_357' is power-on initialization.
@W [RTGEN-101] Register 'iqfir_inst_shifttab_120' is power-on initialization.
@W [RTGEN-101] Register 'iqfir_inst_shifttab_356' is power-on initialization.
@W [RTGEN-101] Register 'iqfir_inst_shifttab_133' is power-on initialization.
@W [RTGEN-101] Register 'iqfir_inst_shifttab_369' is power-on initialization.
@W [RTGEN-101] Register 'iqfir_inst_shifttab_132' is power-on initialization.
@W [RTGEN-101] Register 'iqfir_inst_shifttab_368' is power-on initialization.
@W [RTGEN-101] Register 'iqfir_inst_shifttab_131' is power-on initialization.
@W [RTGEN-101] Register 'iqfir_inst_shifttab_367' is power-on initialization.
@W [RTGEN-101] Register 'iqfir_inst_shifttab_130' is power-on initialization.
@W [RTGEN-101] Register 'iqfir_inst_shifttab_366' is power-on initialization.
@W [RTGEN-101] Register 'iqfir_inst_shifttab_129' is power-on initialization.
@W [RTGEN-101] Register 'iqfir_inst_shifttab_365' is power-on initialization.
@W [RTGEN-101] Register 'iqfir_inst_shifttab_128' is power-on initialization.
@W [RTGEN-101] Register 'iqfir_inst_shifttab_364' is power-on initialization.
@I [SYN-210] Renamed object name 'poly_filter_mul_mul_16s_7ns_23_1' to 'poly_filter_mul_mdEe' due to the length limit 20
@I [SYN-210] Renamed object name 'poly_filter_mul_mul_16s_8s_24_1' to 'poly_filter_mul_meOg' due to the length limit 20
@I [SYN-210] Renamed object name 'poly_filter_mul_mul_16s_10ns_26_1' to 'poly_filter_mul_mfYi' due to the length limit 20
@I [SYN-210] Renamed object name 'poly_filter_mul_mul_16s_11ns_27_1' to 'poly_filter_mul_mg8j' due to the length limit 20
@I [SYN-210] Renamed object name 'poly_filter_mul_mul_16s_7s_23_1' to 'poly_filter_mul_mhbi' due to the length limit 20
@I [SYN-210] Renamed object name 'poly_filter_mul_mul_16s_9ns_25_1' to 'poly_filter_mul_mibs' due to the length limit 20
@I [SYN-210] Renamed object name 'poly_filter_mul_mul_16s_6s_22_1' to 'poly_filter_mul_mjbC' due to the length limit 20
@I [RTGEN-100] Generating core module 'poly_filter_mul_mdEe': 40 instance(s).
@I [RTGEN-100] Generating core module 'poly_filter_mul_meOg': 60 instance(s).
@I [RTGEN-100] Generating core module 'poly_filter_mul_mfYi': 28 instance(s).
@I [RTGEN-100] Generating core module 'poly_filter_mul_mg8j': 36 instance(s).
@I [RTGEN-100] Generating core module 'poly_filter_mul_mhbi': 16 instance(s).
@I [RTGEN-100] Generating core module 'poly_filter_mul_mibs': 12 instance(s).
@I [RTGEN-100] Generating core module 'poly_filter_mul_mjbC': 16 instance(s).
@I [RTGEN-100] Finished creating RTL model for 'run_1'.
@I [HLS-111]  Elapsed time: 3.708 seconds; current allocated memory: 591.641 MB.
@I [HLS-10] ----------------------------------------------------------------
@I [HLS-10] -- Generating RTL for module 'poly_filter' 
@I [HLS-10] ----------------------------------------------------------------
@I [RTGEN-500] Setting interface mode on port 'poly_filter/indata_v_V' to 'axis' (register, both mode).
@I [RTGEN-500] Setting interface mode on port 'poly_filter/outdata_v' to 'axis' (register, both mode).
@I [RTGEN-500] Setting interface mode on function 'poly_filter' to 'ap_ctrl_hs'.
@I [RTGEN-100] Finished creating RTL model for 'poly_filter'.
@I [HLS-111]  Elapsed time: 6.778 seconds; current allocated memory: 596.141 MB.
@I [HLS-111] Finished generating all RTL models Time (s): cpu = 00:00:51 ; elapsed = 00:01:28 . Memory (MB): peak = 711.789 ; gain = 661.340
@I [SYSC-301] Generating SystemC RTL for poly_filter.
@I [VHDL-304] Generating VHDL RTL for poly_filter.
@I [VLOG-307] Generating Verilog RTL for poly_filter.
@I [HLS-112] Total elapsed time: 88.558 seconds; peak allocated memory: 596.141 MB.
